<?xml version="1.0" encoding="UTF-8"?>
<TestRun id="e4953772-65d6-49cd-bf8a-84ff86312592" name="sempf@DROW 2011-03-02 00:24:47" runUser="Drow\sempf" xmlns="http://microsoft.com/schemas/VisualStudio/TeamTest/2010">
  <TestSettings name="Local" id="bd4798d0-2749-4312-97be-e6dd6274a829">
    <Description>These are default test settings for a local test run.</Description>
    <Deployment enabled="false" runDeploymentRoot="sempf_DROW 2011-03-02 00_24_47">
      <DeploymentItem filename="C:\Users\sempf\Documents\Visual Studio 2010\Projects\L.I\LiMembership\MeetupLibrary\bin\Debug\MeetupLibrary.dll" />
    </Deployment>
    <Execution>
      <TestTypeSpecific />
      <AgentRule name="Execution Agents">
      </AgentRule>
    </Execution>
  </TestSettings>
  <Times creation="2011-03-02T00:24:47.6592660-05:00" queuing="2011-03-02T00:24:48.5168752-05:00" start="2011-03-02T00:24:48.6818847-05:00" finish="2011-03-02T00:30:55.5925679-05:00" />
  <ResultSummary outcome="Error">
    <Counters total="1" executed="1" error="0" failed="0" timeout="0" aborted="1" inconclusive="0" passedButRunAborted="0" notRunnable="0" notExecuted="0" disconnected="0" warning="0" passed="0" completed="0" inProgress="0" pending="0" />
    <RunInfos>
      <RunInfo computerName="DROW" outcome="Error" timestamp="2011-03-02T00:30:55.5905678-05:00">
        <Text>Test host process exited unexpectedly.</Text>
      </RunInfo>
    </RunInfos>
  </ResultSummary>
  <TestDefinitions>
    <UnitTest name="MembersConstructorTest" storage="c:\users\sempf\documents\visual studio 2010\projects\l.i\limembership\limembershipo.tests\bin\debug\limembershipo.tests.dll" id="a6e4dbaa-f917-26f0-9e9b-8bfefbf0b777">
      <Execution id="627fc9f0-a5f6-46da-9f8d-78aa4e44c611" />
      <TestMethod codeBase="C:/Users/sempf/Documents/Visual Studio 2010/Projects/L.I/LiMembership/LiMembershipo.Tests/bin/Debug/LiMembershipo.Tests.DLL" adapterTypeName="Microsoft.VisualStudio.TestTools.TestTypes.Unit.UnitTestAdapter, Microsoft.VisualStudio.QualityTools.Tips.UnitTest.Adapter, Version=10.0.0.0, Culture=neutral, PublicKeyToken=b03f5f7f11d50a3a" className="LiMembershipo.Tests.MembersTest, LiMembershipo.Tests, Version=1.0.0.0, Culture=neutral, PublicKeyToken=null" name="MembersConstructorTest" />
    </UnitTest>
  </TestDefinitions>
  <TestLists>
    <TestList name="Results Not in a List" id="8c84fa94-04c1-424b-9868-57a2d4851a1d" />
    <TestList name="All Loaded Results" id="19431567-8539-422a-85d7-44ee4e166bda" />
  </TestLists>
  <TestEntries>
    <TestEntry testId="a6e4dbaa-f917-26f0-9e9b-8bfefbf0b777" executionId="627fc9f0-a5f6-46da-9f8d-78aa4e44c611" testListId="8c84fa94-04c1-424b-9868-57a2d4851a1d" />
  </TestEntries>
  <Results>
    <UnitTestResult executionId="627fc9f0-a5f6-46da-9f8d-78aa4e44c611" testId="a6e4dbaa-f917-26f0-9e9b-8bfefbf0b777" testName="MembersConstructorTest" computerName="DROW" duration="00:06:06.7546829" startTime="2011-03-02T00:24:48.8378850-05:00" endTime="2011-03-02T00:30:55.5925679-05:00" testType="13cdc9d9-ddb5-4fa4-a97d-d965ccfc6d4b" outcome="Aborted" testListId="8c84fa94-04c1-424b-9868-57a2d4851a1d" relativeResultsDirectory="627fc9f0-a5f6-46da-9f8d-78aa4e44c611">
    </UnitTestResult>
  </Results>
</TestRun>